<?xml version="1.0" encoding="UTF-8"?>
<testsuite name="com.dev.core.EmployeeTest" tests="1" skipped="0" failures="0" errors="0" timestamp="2020-08-17T04:17:37" hostname="Eds-MacBook-Pro.local" time="0.014">
  <properties/>
  <testcase name="testAppHasAGreeting" classname="com.dev.core.EmployeeTest" time="0.014"/>
  <system-out><![CDATA[]]></system-out>
  <system-err><![CDATA[]]></system-err>
</testsuite>
